{
  "timestamp": "2025-09-13 16:31:44.234986",
  "device_info": {
    "serial_number": "AB4AQ1QwUBIgOTNO",
    "model": "0",
    "git_hash": "af9e99ec707003d1b6d4b0e8597c1665d7983f92",
    "git_dirty": false,
    "git_timestamp": 1753123071,
    "uuid": "f95488e8-cd82-4b62-93bb-ec667535b23f"
  },
  "calibration": {
    "offset": -2,
    "sign": -1,
    "polarity": 0,
    "phase_invert": 0
  },
  "winding_resistance": 0.3234520485090163,
  "inductance": 0.0006889496088158405,
  "pid_dq_kp": 0.8657596118997626,
  "pid_dq_ki": 406.46183175379804,
  "torque_bw_hz": 200.0,
  "encoder_filter_bw_hz": 200.0,
  "encoder_filter_kp": 1013.4169850289654,
  "encoder_filter_ki": 256753.49638629958,
  "kv": 36.68665655299673,
  "unwrapped_position_scale": 1.0,
  "motor_position_output_sign": 1.0,
  "abi_version": 268,
  "voltage_mode_control": false,
  "py_version": "0.3.90"
}
